/home/azureuser/go/bin/ginkgo watch -r=true --compilers=2 --failFast --trace 
Identified 80 test suites.  Locating dependencies to a depth of 1 (this may take a while)...
Watching 80 suites:
  ./replace/btcec [2 dependencies]
  ./replace/btcec/ecdsa [5 dependencies]
  ./replace/btcec/schnorr [5 dependencies]
  ./replace/btcec/schnorr/musig2 [5 dependencies]
  ./test/api/account [15 dependencies]
  ./test/api/affiliate [11 dependencies]
  ./test/api/auth [13 dependencies]
  ./test/api/cart [12 dependencies]
  ./test/api/coupon [11 dependencies]
  ./test/api/discount [10 dependencies]
  ./test/api/library [17 dependencies]
  ./test/api/marketing [17 dependencies]
  ./test/api/order [13 dependencies]
  ./test/api/organization [16 dependencies]
  ./test/api/product [10 dependencies]
  ./test/api/referral [15 dependencies]
  ./test/api/referrer [12 dependencies]
  ./test/api/review [11 dependencies]
  ./test/api/site [10 dependencies]
  ./test/api/store [10 dependencies]
  ./test/api/submission [11 dependencies]
  ./test/api/subscriber [11 dependencies]
  ./test/api/transaction [11 dependencies]
  ./test/api/user [14 dependencies]
  ./test/api/variant [11 dependencies]
  ./test/api/webhook [10 dependencies]
  ./test/datastore [4 dependencies]
  ./test/marketing [10 dependencies]
  ./test/middleware [10 dependencies]
  ./test/models/ads [11 dependencies]
  ./test/models/copy [10 dependencies]
  ./test/models/coupon [4 dependencies]
  ./test/models/media [10 dependencies]
  ./test/models/mixin [9 dependencies]
  ./test/models/multi [5 dependencies]
  ./test/models/oauthtoken [4 dependencies]
  ./test/models/order [15 dependencies]
  ./test/models/payment [4 dependencies]
  ./test/models/referrer [9 dependencies]
  ./test/models/shippingrates [5 dependencies]
  ./test/models/taxrates [5 dependencies]
  ./test/models/transaction [1 dependency]
  ./test/models/transaction/util [6 dependencies]
  ./test/models/user [4 dependencies]
  ./test/models/wallet [10 dependencies]
  ./test/types [12 dependencies]
  ./test/util/bit [2 dependencies]
  ./test/util/bitstring [2 dependencies]
  ./test/util/crypto/aes [4 dependencies]
  ./test/util/json [2 dependencies]
  ./test/util/jwt [2 dependencies]
  ./test/util/permission [3 dependencies]
  ./test/util/rest [9 dependencies]
  ./test/util/searchpartial [2 dependencies]
  ./test/util/task [2 dependencies]
  ./test/util/val [3 dependencies]
  ./test-integration/api/checkout [25 dependencies]
  ./test-integration/api/checkout/processors/bitcoin [19 dependencies]
  ./test-integration/api/checkout/processors/ethereum [19 dependencies]
  ./test-integration/api/checkout/processors/paypal [16 dependencies]
  ./test-integration/api/checkout/processors/stripe [28 dependencies]
  ./test-integration/api/checkout/util [0 dependencies]
  ./test-integration/datastore [8 dependencies]
  ./test-integration/thirdparty/authorizenet [12 dependencies]
  ./test-integration/thirdparty/bitcoin [9 dependencies]
  ./test-integration/thirdparty/bitcoin/tasks [17 dependencies]
  ./test-integration/thirdparty/ethereum [13 dependencies]
  ./test-integration/thirdparty/ethereum/go-ethereum [3 dependencies]
  ./test-integration/thirdparty/ethereum/tasks [16 dependencies]
  ./test-integration/thirdparty/indiegogo [2 dependencies]
  ./test-integration/thirdparty/mailchimp/integration [7 dependencies]
  ./test-integration/thirdparty/mandrill/integration [5 dependencies]
  ./test-integration/thirdparty/paypal [10 dependencies]
  ./test-integration/thirdparty/salesforce [5 dependencies]
  ./test-integration/thirdparty/sendgrid/integration [7 dependencies]
  ./test-integration/thirdparty/shipstation [16 dependencies]
  ./test-integration/thirdparty/shipwire [11 dependencies]
  ./test-integration/thirdparty/stripe [15 dependencies]
  ./test-integration/thirdparty/stripe/webhook [17 dependencies]
  ./test-integration/util/task [4 dependencies]
[38;5;10mDetected changes in:[0m
  /home/azureuser/platform/config
[38;5;10mWill run 3 suites:[0m
  ./test-integration/thirdparty/mandrill/integration [5 dependencies]
  ./test-integration/thirdparty/sendgrid/integration [7 dependencies]
  ./test-integration/thirdparty/ethereum [13 dependencies]

Failed to compile integration:

# hanzo.io/test-integration/thirdparty/mandrill/integration_test [hanzo.io/test-integration/thirdparty/mandrill/integration.test]
./integration_test.go:46:19: undefined: mandrill.Ping
./integration_test.go:56:20: undefined: mandrill.GetTemplate
./integration_test.go:57:19: undefined: mandrill.NewSendReq
./integration_test.go:65:19: undefined: mandrill.Send
./integration_test.go:76:19: undefined: mandrill.NewSendTemplateReq
./integration_test.go:88:19: undefined: mandrill.SendTemplate

flag provided but not defined: -ginkgo.fail-fast
Usage of /home/azureuser/platform/test-integration/thirdparty/sendgrid/integration/integration.test:
  -ginkgo.debug
    	If set, ginkgo will emit node output to files when running in parallel.
  -ginkgo.dryRun
    	If set, ginkgo will walk the test hierarchy without actually running anything.  Best paired with -v.
  -ginkgo.failFast
    	If set, ginkgo will stop running a test suite after a failure occurs.
  -ginkgo.failOnPending
    	If set, ginkgo will mark the test suite as failed if any specs are pending.
  -ginkgo.flakeAttempts int
    	Make up to this many attempts to run each spec. Please note that if any of the attempts succeed, the suite will not be failed. But any failures will still be recorded. (default 1)
  -ginkgo.focus value
    	If set, ginkgo will only run specs that match this regular expression. Can be specified multiple times, values are ORed.
  -ginkgo.noColor
    	If set, suppress color output in default reporter.
  -ginkgo.noisyPendings
    	If set, default reporter will shout about pending tests. (default true)
  -ginkgo.noisySkippings
    	If set, default reporter will shout about skipping tests. (default true)
  -ginkgo.parallel.node int
    	This worker node's (one-indexed) node number.  For running specs in parallel. (default 1)
  -ginkgo.parallel.streamhost string
    	The address for the server that the running nodes should stream data to.
  -ginkgo.parallel.synchost string
    	The address for the server that will synchronize the running nodes.
  -ginkgo.parallel.total int
    	The total number of worker nodes.  For running specs in parallel. (default 1)
  -ginkgo.progress
    	If set, ginkgo will emit progress information as each spec runs to the GinkgoWriter.
  -ginkgo.randomizeAllSpecs
    	If set, ginkgo will randomize all specs together.  By default, ginkgo only randomizes the top level Describe, Context and When groups.
  -ginkgo.regexScansFilePath
    	If set, ginkgo regex matching also will look at the file path (code location).
  -ginkgo.reportFile string
    	Override the default reporter output file path.
  -ginkgo.reportPassed
    	If set, default reporter prints out captured output of passed tests.
  -ginkgo.seed int
    	The seed used to randomize the spec suite. (default 1726579240)
  -ginkgo.skip value
    	If set, ginkgo will only run specs that do not match this regular expression. Can be specified multiple times, values are ORed.
  -ginkgo.skipMeasurements
    	If set, ginkgo will skip any measurement specs.
  -ginkgo.slowSpecThreshold float
    	(in seconds) Specs that take longer to run than this threshold are flagged as slow by the default reporter. (default 5)
  -ginkgo.succinct
    	If set, default reporter prints out a very succinct report
  -ginkgo.trace
    	If set, default reporter prints out the full stack trace when a failure occurs
  -ginkgo.v
    	If set, default reporter print out all specs as they begin.
  -test.bench regexp
    	run only benchmarks matching regexp
  -test.benchmem
    	print memory allocations for benchmarks
  -test.benchtime d
    	run each benchmark for duration d or N times if `d` is of the form Nx (default 1s)
  -test.blockprofile file
    	write a goroutine blocking profile to file
  -test.blockprofilerate rate
    	set blocking profile rate (see runtime.SetBlockProfileRate) (default 1)
  -test.count n
    	run tests and benchmarks n times (default 1)
  -test.coverprofile file
    	write a coverage profile to file
  -test.cpu list
    	comma-separated list of cpu counts to run each test with
  -test.cpuprofile file
    	write a cpu profile to file
  -test.failfast
    	do not start new tests after the first test failure
  -test.fullpath
    	show full file names in error messages
  -test.fuzz regexp
    	run the fuzz test matching regexp
  -test.fuzzcachedir string
    	directory where interesting fuzzing inputs are stored (for use only by cmd/go)
  -test.fuzzminimizetime value
    	time to spend minimizing a value after finding a failing input (default 1m0s)
  -test.fuzztime value
    	time to spend fuzzing; default is to run indefinitely
  -test.fuzzworker
    	coordinate with the parent process to fuzz random values (for use only by cmd/go)
  -test.gocoverdir string
    	write coverage intermediate files to this directory
  -test.list regexp
    	list tests, examples, and benchmarks matching regexp then exit
  -test.memprofile file
    	write an allocation profile to file
  -test.memprofilerate rate
    	set memory allocation profiling rate (see runtime.MemProfileRate)
  -test.mutexprofile string
    	write a mutex contention profile to the named file after execution
  -test.mutexprofilefraction int
    	if >= 0, calls runtime.SetMutexProfileFraction() (default 1)
  -test.outputdir dir
    	write profiles to dir
  -test.paniconexit0
    	panic on call to os.Exit(0)
  -test.parallel n
    	run at most n tests in parallel (default 4)
  -test.run regexp
    	run only tests and examples matching regexp
  -test.short
    	run smaller test suite to save time
  -test.shuffle string
    	randomize the execution order of tests and benchmarks (default "off")
  -test.skip regexp
    	do not list or run tests matching regexp
  -test.testlogfile file
    	write test action log to file (for use only by cmd/go)
  -test.timeout d
    	panic test binary after duration d (default 0, timeout disabled)
  -test.trace file
    	write an execution trace to file
  -test.v
    	verbose: print additional output
flag provided but not defined: -ginkgo.fail-fast
Usage of /home/azureuser/platform/test-integration/thirdparty/ethereum/ethereum.test:
  -ginkgo.debug
    	If set, ginkgo will emit node output to files when running in parallel.
  -ginkgo.dryRun
    	If set, ginkgo will walk the test hierarchy without actually running anything.  Best paired with -v.
  -ginkgo.failFast
    	If set, ginkgo will stop running a test suite after a failure occurs.
  -ginkgo.failOnPending
    	If set, ginkgo will mark the test suite as failed if any specs are pending.
  -ginkgo.flakeAttempts int
    	Make up to this many attempts to run each spec. Please note that if any of the attempts succeed, the suite will not be failed. But any failures will still be recorded. (default 1)
  -ginkgo.focus value
    	If set, ginkgo will only run specs that match this regular expression. Can be specified multiple times, values are ORed.
  -ginkgo.noColor
    	If set, suppress color output in default reporter.
  -ginkgo.noisyPendings
    	If set, default reporter will shout about pending tests. (default true)
  -ginkgo.noisySkippings
    	If set, default reporter will shout about skipping tests. (default true)
  -ginkgo.parallel.node int
    	This worker node's (one-indexed) node number.  For running specs in parallel. (default 1)
  -ginkgo.parallel.streamhost string
    	The address for the server that the running nodes should stream data to.
  -ginkgo.parallel.synchost string
    	The address for the server that will synchronize the running nodes.
  -ginkgo.parallel.total int
    	The total number of worker nodes.  For running specs in parallel. (default 1)
  -ginkgo.progress
    	If set, ginkgo will emit progress information as each spec runs to the GinkgoWriter.
  -ginkgo.randomizeAllSpecs
    	If set, ginkgo will randomize all specs together.  By default, ginkgo only randomizes the top level Describe, Context and When groups.
  -ginkgo.regexScansFilePath
    	If set, ginkgo regex matching also will look at the file path (code location).
  -ginkgo.reportFile string
    	Override the default reporter output file path.
  -ginkgo.reportPassed
    	If set, default reporter prints out captured output of passed tests.
  -ginkgo.seed int
    	The seed used to randomize the spec suite. (default 1726579245)
  -ginkgo.skip value
    	If set, ginkgo will only run specs that do not match this regular expression. Can be specified multiple times, values are ORed.
  -ginkgo.skipMeasurements
    	If set, ginkgo will skip any measurement specs.
  -ginkgo.slowSpecThreshold float
    	(in seconds) Specs that take longer to run than this threshold are flagged as slow by the default reporter. (default 5)
  -ginkgo.succinct
    	If set, default reporter prints out a very succinct report
  -ginkgo.trace
    	If set, default reporter prints out the full stack trace when a failure occurs
  -ginkgo.v
    	If set, default reporter print out all specs as they begin.
  -test.bench regexp
    	run only benchmarks matching regexp
  -test.benchmem
    	print memory allocations for benchmarks
  -test.benchtime d
    	run each benchmark for duration d or N times if `d` is of the form Nx (default 1s)
  -test.blockprofile file
    	write a goroutine blocking profile to file
  -test.blockprofilerate rate
    	set blocking profile rate (see runtime.SetBlockProfileRate) (default 1)
  -test.count n
    	run tests and benchmarks n times (default 1)
  -test.coverprofile file
    	write a coverage profile to file
  -test.cpu list
    	comma-separated list of cpu counts to run each test with
  -test.cpuprofile file
    	write a cpu profile to file
  -test.failfast
    	do not start new tests after the first test failure
  -test.fullpath
    	show full file names in error messages
  -test.fuzz regexp
    	run the fuzz test matching regexp
  -test.fuzzcachedir string
    	directory where interesting fuzzing inputs are stored (for use only by cmd/go)
  -test.fuzzminimizetime value
    	time to spend minimizing a value after finding a failing input (default 1m0s)
  -test.fuzztime value
    	time to spend fuzzing; default is to run indefinitely
  -test.fuzzworker
    	coordinate with the parent process to fuzz random values (for use only by cmd/go)
  -test.gocoverdir string
    	write coverage intermediate files to this directory
  -test.list regexp
    	list tests, examples, and benchmarks matching regexp then exit
  -test.memprofile file
    	write an allocation profile to file
  -test.memprofilerate rate
    	set memory allocation profiling rate (see runtime.MemProfileRate)
  -test.mutexprofile string
    	write a mutex contention profile to the named file after execution
  -test.mutexprofilefraction int
    	if >= 0, calls runtime.SetMutexProfileFraction() (default 1)
  -test.outputdir dir
    	write profiles to dir
  -test.paniconexit0
    	panic on call to os.Exit(0)
  -test.parallel n
    	run at most n tests in parallel (default 4)
  -test.run regexp
    	run only tests and examples matching regexp
  -test.short
    	run smaller test suite to save time
  -test.shuffle string
    	randomize the execution order of tests and benchmarks (default "off")
  -test.skip regexp
    	do not list or run tests matching regexp
  -test.testlogfile file
    	write test action log to file (for use only by cmd/go)
  -test.timeout d
    	panic test binary after duration d (default 0, timeout disabled)
  -test.trace file
    	write an execution trace to file
  -test.v
    	verbose: print additional output
[38;5;9m
Done.  Resuming watch...[0m
